==19073== Memcheck, a memory error detector
==19073== Copyright (C) 2002-2017, and GNU GPL'd, by Julian Seward et al.
==19073== Using Valgrind-3.14.0 and LibVEX; rerun with -h for copyright info
==19073== Command: ./zombbb
==19073== Parent PID: 18231
==19073== 
==19073== Invalid read of size 4
==19073==    at 0x4022FE: void std::__push_heap<__gnu_cxx::__normal_iterator<Zombie**, std::vector<Zombie*, std::allocator<Zombie*> > >, long, Zombie*, __gnu_cxx::__ops::_Iter_comp_val<Zombie::ETAComparator> >(__gnu_cxx::__normal_iterator<Zombie**, std::vector<Zombie*, std::allocator<Zombie*> > >, long, long, Zombie*, __gnu_cxx::__ops::_Iter_comp_val<Zombie::ETAComparator>) [clone .isra.46] (in /afs/umich.edu/user/c/h/chanyao/eecs281/eecs281p2/partA/zombbb)
==19073==    by 0x403CD0: Game::spawnZombies(unsigned int) (in /afs/umich.edu/user/c/h/chanyao/eecs281/eecs281p2/partA/zombbb)
==19073==    by 0x405169: Game::startGame() (in /afs/umich.edu/user/c/h/chanyao/eecs281/eecs281p2/partA/zombbb)
==19073==    by 0x401989: main (in /afs/umich.edu/user/c/h/chanyao/eecs281/eecs281p2/partA/zombbb)
==19073==  Address 0x5acfc04 is 148 bytes inside a block of size 224 free'd
==19073==    at 0x4C2B40D: operator delete(void*) (vg_replace_malloc.c:586)
==19073==    by 0x4053D2: void std::vector<Zombie, std::allocator<Zombie> >::_M_emplace_back_aux<Zombie const&>(Zombie const&) (in /afs/umich.edu/user/c/h/chanyao/eecs281/eecs281p2/partA/zombbb)
==19073==    by 0x403FAF: Game::spawnZombies(unsigned int) (in /afs/umich.edu/user/c/h/chanyao/eecs281/eecs281p2/partA/zombbb)
==19073==    by 0x405169: Game::startGame() (in /afs/umich.edu/user/c/h/chanyao/eecs281/eecs281p2/partA/zombbb)
==19073==    by 0x401989: main (in /afs/umich.edu/user/c/h/chanyao/eecs281/eecs281p2/partA/zombbb)
==19073==  Block was alloc'd at
==19073==    at 0x4C2A483: operator new(unsigned long) (vg_replace_malloc.c:344)
==19073==    by 0x40522A: void std::vector<Zombie, std::allocator<Zombie> >::_M_emplace_back_aux<Zombie const&>(Zombie const&) (in /afs/umich.edu/user/c/h/chanyao/eecs281/eecs281p2/partA/zombbb)
==19073==    by 0x403F97: Game::spawnZombies(unsigned int) (in /afs/umich.edu/user/c/h/chanyao/eecs281/eecs281p2/partA/zombbb)
==19073==    by 0x405169: Game::startGame() (in /afs/umich.edu/user/c/h/chanyao/eecs281/eecs281p2/partA/zombbb)
==19073==    by 0x401989: main (in /afs/umich.edu/user/c/h/chanyao/eecs281/eecs281p2/partA/zombbb)
==19073== 
==19073== Invalid read of size 4
==19073==    at 0x40234B: void std::__push_heap<__gnu_cxx::__normal_iterator<Zombie**, std::vector<Zombie*, std::allocator<Zombie*> > >, long, Zombie*, __gnu_cxx::__ops::_Iter_comp_val<Zombie::ETAComparator> >(__gnu_cxx::__normal_iterator<Zombie**, std::vector<Zombie*, std::allocator<Zombie*> > >, long, long, Zombie*, __gnu_cxx::__ops::_Iter_comp_val<Zombie::ETAComparator>) [clone .isra.46] (in /afs/umich.edu/user/c/h/chanyao/eecs281/eecs281p2/partA/zombbb)
==19073==    by 0x403CD0: Game::spawnZombies(unsigned int) (in /afs/umich.edu/user/c/h/chanyao/eecs281/eecs281p2/partA/zombbb)
==19073==    by 0x405169: Game::startGame() (in /afs/umich.edu/user/c/h/chanyao/eecs281/eecs281p2/partA/zombbb)
==19073==    by 0x401989: main (in /afs/umich.edu/user/c/h/chanyao/eecs281/eecs281p2/partA/zombbb)
==19073==  Address 0x5acfc00 is 144 bytes inside a block of size 224 free'd
==19073==    at 0x4C2B40D: operator delete(void*) (vg_replace_malloc.c:586)
==19073==    by 0x4053D2: void std::vector<Zombie, std::allocator<Zombie> >::_M_emplace_back_aux<Zombie const&>(Zombie const&) (in /afs/umich.edu/user/c/h/chanyao/eecs281/eecs281p2/partA/zombbb)
==19073==    by 0x403FAF: Game::spawnZombies(unsigned int) (in /afs/umich.edu/user/c/h/chanyao/eecs281/eecs281p2/partA/zombbb)
==19073==    by 0x405169: Game::startGame() (in /afs/umich.edu/user/c/h/chanyao/eecs281/eecs281p2/partA/zombbb)
==19073==    by 0x401989: main (in /afs/umich.edu/user/c/h/chanyao/eecs281/eecs281p2/partA/zombbb)
==19073==  Block was alloc'd at
==19073==    at 0x4C2A483: operator new(unsigned long) (vg_replace_malloc.c:344)
==19073==    by 0x40522A: void std::vector<Zombie, std::allocator<Zombie> >::_M_emplace_back_aux<Zombie const&>(Zombie const&) (in /afs/umich.edu/user/c/h/chanyao/eecs281/eecs281p2/partA/zombbb)
==19073==    by 0x403F97: Game::spawnZombies(unsigned int) (in /afs/umich.edu/user/c/h/chanyao/eecs281/eecs281p2/partA/zombbb)
==19073==    by 0x405169: Game::startGame() (in /afs/umich.edu/user/c/h/chanyao/eecs281/eecs281p2/partA/zombbb)
==19073==    by 0x401989: main (in /afs/umich.edu/user/c/h/chanyao/eecs281/eecs281p2/partA/zombbb)
==19073== 
==19073== Invalid read of size 4
==19073==    at 0x4023C2: void std::__push_heap<__gnu_cxx::__normal_iterator<Zombie**, std::vector<Zombie*, std::allocator<Zombie*> > >, long, Zombie*, __gnu_cxx::__ops::_Iter_comp_val<Zombie::ETAComparator> >(__gnu_cxx::__normal_iterator<Zombie**, std::vector<Zombie*, std::allocator<Zombie*> > >, long, long, Zombie*, __gnu_cxx::__ops::_Iter_comp_val<Zombie::ETAComparator>) [clone .isra.46] (in /afs/umich.edu/user/c/h/chanyao/eecs281/eecs281p2/partA/zombbb)
==19073==    by 0x403CD0: Game::spawnZombies(unsigned int) (in /afs/umich.edu/user/c/h/chanyao/eecs281/eecs281p2/partA/zombbb)
==19073==    by 0x405169: Game::startGame() (in /afs/umich.edu/user/c/h/chanyao/eecs281/eecs281p2/partA/zombbb)
==19073==    by 0x401989: main (in /afs/umich.edu/user/c/h/chanyao/eecs281/eecs281p2/partA/zombbb)
==19073==  Address 0x5acfbcc is 92 bytes inside a block of size 224 free'd
==19073==    at 0x4C2B40D: operator delete(void*) (vg_replace_malloc.c:586)
==19073==    by 0x4053D2: void std::vector<Zombie, std::allocator<Zombie> >::_M_emplace_back_aux<Zombie const&>(Zombie const&) (in /afs/umich.edu/user/c/h/chanyao/eecs281/eecs281p2/partA/zombbb)
==19073==    by 0x403FAF: Game::spawnZombies(unsigned int) (in /afs/umich.edu/user/c/h/chanyao/eecs281/eecs281p2/partA/zombbb)
==19073==    by 0x405169: Game::startGame() (in /afs/umich.edu/user/c/h/chanyao/eecs281/eecs281p2/partA/zombbb)
==19073==    by 0x401989: main (in /afs/umich.edu/user/c/h/chanyao/eecs281/eecs281p2/partA/zombbb)
==19073==  Block was alloc'd at
==19073==    at 0x4C2A483: operator new(unsigned long) (vg_replace_malloc.c:344)
==19073==    by 0x40522A: void std::vector<Zombie, std::allocator<Zombie> >::_M_emplace_back_aux<Zombie const&>(Zombie const&) (in /afs/umich.edu/user/c/h/chanyao/eecs281/eecs281p2/partA/zombbb)
==19073==    by 0x403F97: Game::spawnZombies(unsigned int) (in /afs/umich.edu/user/c/h/chanyao/eecs281/eecs281p2/partA/zombbb)
==19073==    by 0x405169: Game::startGame() (in /afs/umich.edu/user/c/h/chanyao/eecs281/eecs281p2/partA/zombbb)
==19073==    by 0x401989: main (in /afs/umich.edu/user/c/h/chanyao/eecs281/eecs281p2/partA/zombbb)
==19073== 
==19073== Invalid read of size 4
==19073==    at 0x402414: void std::__push_heap<__gnu_cxx::__normal_iterator<Zombie**, std::vector<Zombie*, std::allocator<Zombie*> > >, long, Zombie*, __gnu_cxx::__ops::_Iter_comp_val<Zombie::ETAComparator> >(__gnu_cxx::__normal_iterator<Zombie**, std::vector<Zombie*, std::allocator<Zombie*> > >, long, long, Zombie*, __gnu_cxx::__ops::_Iter_comp_val<Zombie::ETAComparator>) [clone .isra.46] (in /afs/umich.edu/user/c/h/chanyao/eecs281/eecs281p2/partA/zombbb)
==19073==    by 0x403CD0: Game::spawnZombies(unsigned int) (in /afs/umich.edu/user/c/h/chanyao/eecs281/eecs281p2/partA/zombbb)
==19073==    by 0x405169: Game::startGame() (in /afs/umich.edu/user/c/h/chanyao/eecs281/eecs281p2/partA/zombbb)
==19073==    by 0x401989: main (in /afs/umich.edu/user/c/h/chanyao/eecs281/eecs281p2/partA/zombbb)
==19073==  Address 0x5acfbc8 is 88 bytes inside a block of size 224 free'd
==19073==    at 0x4C2B40D: operator delete(void*) (vg_replace_malloc.c:586)
==19073==    by 0x4053D2: void std::vector<Zombie, std::allocator<Zombie> >::_M_emplace_back_aux<Zombie const&>(Zombie const&) (in /afs/umich.edu/user/c/h/chanyao/eecs281/eecs281p2/partA/zombbb)
==19073==    by 0x403FAF: Game::spawnZombies(unsigned int) (in /afs/umich.edu/user/c/h/chanyao/eecs281/eecs281p2/partA/zombbb)
==19073==    by 0x405169: Game::startGame() (in /afs/umich.edu/user/c/h/chanyao/eecs281/eecs281p2/partA/zombbb)
==19073==    by 0x401989: main (in /afs/umich.edu/user/c/h/chanyao/eecs281/eecs281p2/partA/zombbb)
==19073==  Block was alloc'd at
==19073==    at 0x4C2A483: operator new(unsigned long) (vg_replace_malloc.c:344)
==19073==    by 0x40522A: void std::vector<Zombie, std::allocator<Zombie> >::_M_emplace_back_aux<Zombie const&>(Zombie const&) (in /afs/umich.edu/user/c/h/chanyao/eecs281/eecs281p2/partA/zombbb)
==19073==    by 0x403F97: Game::spawnZombies(unsigned int) (in /afs/umich.edu/user/c/h/chanyao/eecs281/eecs281p2/partA/zombbb)
==19073==    by 0x405169: Game::startGame() (in /afs/umich.edu/user/c/h/chanyao/eecs281/eecs281p2/partA/zombbb)
==19073==    by 0x401989: main (in /afs/umich.edu/user/c/h/chanyao/eecs281/eecs281p2/partA/zombbb)
==19073== 
==19073== Invalid read of size 4
==19073==    at 0x40248B: void std::__push_heap<__gnu_cxx::__normal_iterator<Zombie**, std::vector<Zombie*, std::allocator<Zombie*> > >, long, Zombie*, __gnu_cxx::__ops::_Iter_comp_val<Zombie::ETAComparator> >(__gnu_cxx::__normal_iterator<Zombie**, std::vector<Zombie*, std::allocator<Zombie*> > >, long, long, Zombie*, __gnu_cxx::__ops::_Iter_comp_val<Zombie::ETAComparator>) [clone .isra.46] (in /afs/umich.edu/user/c/h/chanyao/eecs281/eecs281p2/partA/zombbb)
==19073==    by 0x403CD0: Game::spawnZombies(unsigned int) (in /afs/umich.edu/user/c/h/chanyao/eecs281/eecs281p2/partA/zombbb)
==19073==    by 0x405169: Game::startGame() (in /afs/umich.edu/user/c/h/chanyao/eecs281/eecs281p2/partA/zombbb)
==19073==    by 0x401989: main (in /afs/umich.edu/user/c/h/chanyao/eecs281/eecs281p2/partA/zombbb)
==19073==  Address 0x5acfbd0 is 96 bytes inside a block of size 224 free'd
==19073==    at 0x4C2B40D: operator delete(void*) (vg_replace_malloc.c:586)
==19073==    by 0x4053D2: void std::vector<Zombie, std::allocator<Zombie> >::_M_emplace_back_aux<Zombie const&>(Zombie const&) (in /afs/umich.edu/user/c/h/chanyao/eecs281/eecs281p2/partA/zombbb)
==19073==    by 0x403FAF: Game::spawnZombies(unsigned int) (in /afs/umich.edu/user/c/h/chanyao/eecs281/eecs281p2/partA/zombbb)
==19073==    by 0x405169: Game::startGame() (in /afs/umich.edu/user/c/h/chanyao/eecs281/eecs281p2/partA/zombbb)
==19073==    by 0x401989: main (in /afs/umich.edu/user/c/h/chanyao/eecs281/eecs281p2/partA/zombbb)
==19073==  Block was alloc'd at
==19073==    at 0x4C2A483: operator new(unsigned long) (vg_replace_malloc.c:344)
==19073==    by 0x40522A: void std::vector<Zombie, std::allocator<Zombie> >::_M_emplace_back_aux<Zombie const&>(Zombie const&) (in /afs/umich.edu/user/c/h/chanyao/eecs281/eecs281p2/partA/zombbb)
==19073==    by 0x403F97: Game::spawnZombies(unsigned int) (in /afs/umich.edu/user/c/h/chanyao/eecs281/eecs281p2/partA/zombbb)
==19073==    by 0x405169: Game::startGame() (in /afs/umich.edu/user/c/h/chanyao/eecs281/eecs281p2/partA/zombbb)
==19073==    by 0x401989: main (in /afs/umich.edu/user/c/h/chanyao/eecs281/eecs281p2/partA/zombbb)
==19073== 
==19073== Invalid read of size 4
==19073==    at 0x404295: Game::attackZombies(unsigned int) (in /afs/umich.edu/user/c/h/chanyao/eecs281/eecs281p2/partA/zombbb)
==19073==    by 0x4050D6: Game::startGame() (in /afs/umich.edu/user/c/h/chanyao/eecs281/eecs281p2/partA/zombbb)
==19073==    by 0x401989: main (in /afs/umich.edu/user/c/h/chanyao/eecs281/eecs281p2/partA/zombbb)
==19073==  Address 0x5acfe98 is 264 bytes inside a block of size 448 free'd
==19073==    at 0x4C2B40D: operator delete(void*) (vg_replace_malloc.c:586)
==19073==    by 0x4053D2: void std::vector<Zombie, std::allocator<Zombie> >::_M_emplace_back_aux<Zombie const&>(Zombie const&) (in /afs/umich.edu/user/c/h/chanyao/eecs281/eecs281p2/partA/zombbb)
==19073==    by 0x403F97: Game::spawnZombies(unsigned int) (in /afs/umich.edu/user/c/h/chanyao/eecs281/eecs281p2/partA/zombbb)
==19073==    by 0x405169: Game::startGame() (in /afs/umich.edu/user/c/h/chanyao/eecs281/eecs281p2/partA/zombbb)
==19073==    by 0x401989: main (in /afs/umich.edu/user/c/h/chanyao/eecs281/eecs281p2/partA/zombbb)
==19073==  Block was alloc'd at
==19073==    at 0x4C2A483: operator new(unsigned long) (vg_replace_malloc.c:344)
==19073==    by 0x40522A: void std::vector<Zombie, std::allocator<Zombie> >::_M_emplace_back_aux<Zombie const&>(Zombie const&) (in /afs/umich.edu/user/c/h/chanyao/eecs281/eecs281p2/partA/zombbb)
==19073==    by 0x403FAF: Game::spawnZombies(unsigned int) (in /afs/umich.edu/user/c/h/chanyao/eecs281/eecs281p2/partA/zombbb)
==19073==    by 0x405169: Game::startGame() (in /afs/umich.edu/user/c/h/chanyao/eecs281/eecs281p2/partA/zombbb)
==19073==    by 0x401989: main (in /afs/umich.edu/user/c/h/chanyao/eecs281/eecs281p2/partA/zombbb)
==19073== 
==19073== Invalid write of size 4
==19073==    at 0x4042C0: Game::attackZombies(unsigned int) (in /afs/umich.edu/user/c/h/chanyao/eecs281/eecs281p2/partA/zombbb)
==19073==    by 0x4050D6: Game::startGame() (in /afs/umich.edu/user/c/h/chanyao/eecs281/eecs281p2/partA/zombbb)
==19073==    by 0x401989: main (in /afs/umich.edu/user/c/h/chanyao/eecs281/eecs281p2/partA/zombbb)
==19073==  Address 0x5acfe98 is 264 bytes inside a block of size 448 free'd
==19073==    at 0x4C2B40D: operator delete(void*) (vg_replace_malloc.c:586)
==19073==    by 0x4053D2: void std::vector<Zombie, std::allocator<Zombie> >::_M_emplace_back_aux<Zombie const&>(Zombie const&) (in /afs/umich.edu/user/c/h/chanyao/eecs281/eecs281p2/partA/zombbb)
==19073==    by 0x403F97: Game::spawnZombies(unsigned int) (in /afs/umich.edu/user/c/h/chanyao/eecs281/eecs281p2/partA/zombbb)
==19073==    by 0x405169: Game::startGame() (in /afs/umich.edu/user/c/h/chanyao/eecs281/eecs281p2/partA/zombbb)
==19073==    by 0x401989: main (in /afs/umich.edu/user/c/h/chanyao/eecs281/eecs281p2/partA/zombbb)
==19073==  Block was alloc'd at
==19073==    at 0x4C2A483: operator new(unsigned long) (vg_replace_malloc.c:344)
==19073==    by 0x40522A: void std::vector<Zombie, std::allocator<Zombie> >::_M_emplace_back_aux<Zombie const&>(Zombie const&) (in /afs/umich.edu/user/c/h/chanyao/eecs281/eecs281p2/partA/zombbb)
==19073==    by 0x403FAF: Game::spawnZombies(unsigned int) (in /afs/umich.edu/user/c/h/chanyao/eecs281/eecs281p2/partA/zombbb)
==19073==    by 0x405169: Game::startGame() (in /afs/umich.edu/user/c/h/chanyao/eecs281/eecs281p2/partA/zombbb)
==19073==    by 0x401989: main (in /afs/umich.edu/user/c/h/chanyao/eecs281/eecs281p2/partA/zombbb)
==19073== 
==19073== Invalid write of size 4
==19073==    at 0x4042C7: Game::attackZombies(unsigned int) (in /afs/umich.edu/user/c/h/chanyao/eecs281/eecs281p2/partA/zombbb)
==19073==    by 0x4050D6: Game::startGame() (in /afs/umich.edu/user/c/h/chanyao/eecs281/eecs281p2/partA/zombbb)
==19073==    by 0x401989: main (in /afs/umich.edu/user/c/h/chanyao/eecs281/eecs281p2/partA/zombbb)
==19073==  Address 0x5acfea0 is 272 bytes inside a block of size 448 free'd
==19073==    at 0x4C2B40D: operator delete(void*) (vg_replace_malloc.c:586)
==19073==    by 0x4053D2: void std::vector<Zombie, std::allocator<Zombie> >::_M_emplace_back_aux<Zombie const&>(Zombie const&) (in /afs/umich.edu/user/c/h/chanyao/eecs281/eecs281p2/partA/zombbb)
==19073==    by 0x403F97: Game::spawnZombies(unsigned int) (in /afs/umich.edu/user/c/h/chanyao/eecs281/eecs281p2/partA/zombbb)
==19073==    by 0x405169: Game::startGame() (in /afs/umich.edu/user/c/h/chanyao/eecs281/eecs281p2/partA/zombbb)
==19073==    by 0x401989: main (in /afs/umich.edu/user/c/h/chanyao/eecs281/eecs281p2/partA/zombbb)
==19073==  Block was alloc'd at
==19073==    at 0x4C2A483: operator new(unsigned long) (vg_replace_malloc.c:344)
==19073==    by 0x40522A: void std::vector<Zombie, std::allocator<Zombie> >::_M_emplace_back_aux<Zombie const&>(Zombie const&) (in /afs/umich.edu/user/c/h/chanyao/eecs281/eecs281p2/partA/zombbb)
==19073==    by 0x403FAF: Game::spawnZombies(unsigned int) (in /afs/umich.edu/user/c/h/chanyao/eecs281/eecs281p2/partA/zombbb)
==19073==    by 0x405169: Game::startGame() (in /afs/umich.edu/user/c/h/chanyao/eecs281/eecs281p2/partA/zombbb)
==19073==    by 0x401989: main (in /afs/umich.edu/user/c/h/chanyao/eecs281/eecs281p2/partA/zombbb)
==19073== 
==19073== Invalid read of size 4
==19073==    at 0x40562E: void std::__adjust_heap<__gnu_cxx::__normal_iterator<Zombie**, std::vector<Zombie*, std::allocator<Zombie*> > >, long, Zombie*, __gnu_cxx::__ops::_Iter_comp_iter<Zombie::ETAComparator> >(__gnu_cxx::__normal_iterator<Zombie**, std::vector<Zombie*, std::allocator<Zombie*> > >, long, long, Zombie*, __gnu_cxx::__ops::_Iter_comp_iter<Zombie::ETAComparator>) (in /afs/umich.edu/user/c/h/chanyao/eecs281/eecs281p2/partA/zombbb)
==19073==    by 0x404329: Game::attackZombies(unsigned int) (in /afs/umich.edu/user/c/h/chanyao/eecs281/eecs281p2/partA/zombbb)
==19073==    by 0x4050D6: Game::startGame() (in /afs/umich.edu/user/c/h/chanyao/eecs281/eecs281p2/partA/zombbb)
==19073==    by 0x401989: main (in /afs/umich.edu/user/c/h/chanyao/eecs281/eecs281p2/partA/zombbb)
==19073==  Address 0x5acfe5c is 204 bytes inside a block of size 448 free'd
==19073==    at 0x4C2B40D: operator delete(void*) (vg_replace_malloc.c:586)
==19073==    by 0x4053D2: void std::vector<Zombie, std::allocator<Zombie> >::_M_emplace_back_aux<Zombie const&>(Zombie const&) (in /afs/umich.edu/user/c/h/chanyao/eecs281/eecs281p2/partA/zombbb)
==19073==    by 0x403F97: Game::spawnZombies(unsigned int) (in /afs/umich.edu/user/c/h/chanyao/eecs281/eecs281p2/partA/zombbb)
==19073==    by 0x405169: Game::startGame() (in /afs/umich.edu/user/c/h/chanyao/eecs281/eecs281p2/partA/zombbb)
==19073==    by 0x401989: main (in /afs/umich.edu/user/c/h/chanyao/eecs281/eecs281p2/partA/zombbb)
==19073==  Block was alloc'd at
==19073==    at 0x4C2A483: operator new(unsigned long) (vg_replace_malloc.c:344)
==19073==    by 0x40522A: void std::vector<Zombie, std::allocator<Zombie> >::_M_emplace_back_aux<Zombie const&>(Zombie const&) (in /afs/umich.edu/user/c/h/chanyao/eecs281/eecs281p2/partA/zombbb)
==19073==    by 0x403FAF: Game::spawnZombies(unsigned int) (in /afs/umich.edu/user/c/h/chanyao/eecs281/eecs281p2/partA/zombbb)
==19073==    by 0x405169: Game::startGame() (in /afs/umich.edu/user/c/h/chanyao/eecs281/eecs281p2/partA/zombbb)
==19073==    by 0x401989: main (in /afs/umich.edu/user/c/h/chanyao/eecs281/eecs281p2/partA/zombbb)
==19073== 
==19073== Invalid read of size 4
==19073==    at 0x405678: void std::__adjust_heap<__gnu_cxx::__normal_iterator<Zombie**, std::vector<Zombie*, std::allocator<Zombie*> > >, long, Zombie*, __gnu_cxx::__ops::_Iter_comp_iter<Zombie::ETAComparator> >(__gnu_cxx::__normal_iterator<Zombie**, std::vector<Zombie*, std::allocator<Zombie*> > >, long, long, Zombie*, __gnu_cxx::__ops::_Iter_comp_iter<Zombie::ETAComparator>) (in /afs/umich.edu/user/c/h/chanyao/eecs281/eecs281p2/partA/zombbb)
==19073==    by 0x404329: Game::attackZombies(unsigned int) (in /afs/umich.edu/user/c/h/chanyao/eecs281/eecs281p2/partA/zombbb)
==19073==    by 0x4050D6: Game::startGame() (in /afs/umich.edu/user/c/h/chanyao/eecs281/eecs281p2/partA/zombbb)
==19073==    by 0x401989: main (in /afs/umich.edu/user/c/h/chanyao/eecs281/eecs281p2/partA/zombbb)
==19073==  Address 0x5acfe58 is 200 bytes inside a block of size 448 free'd
==19073==    at 0x4C2B40D: operator delete(void*) (vg_replace_malloc.c:586)
==19073==    by 0x4053D2: void std::vector<Zombie, std::allocator<Zombie> >::_M_emplace_back_aux<Zombie const&>(Zombie const&) (in /afs/umich.edu/user/c/h/chanyao/eecs281/eecs281p2/partA/zombbb)
==19073==    by 0x403F97: Game::spawnZombies(unsigned int) (in /afs/umich.edu/user/c/h/chanyao/eecs281/eecs281p2/partA/zombbb)
==19073==    by 0x405169: Game::startGame() (in /afs/umich.edu/user/c/h/chanyao/eecs281/eecs281p2/partA/zombbb)
==19073==    by 0x401989: main (in /afs/umich.edu/user/c/h/chanyao/eecs281/eecs281p2/partA/zombbb)
==19073==  Block was alloc'd at
==19073==    at 0x4C2A483: operator new(unsigned long) (vg_replace_malloc.c:344)
==19073==    by 0x40522A: void std::vector<Zombie, std::allocator<Zombie> >::_M_emplace_back_aux<Zombie const&>(Zombie const&) (in /afs/umich.edu/user/c/h/chanyao/eecs281/eecs281p2/partA/zombbb)
==19073==    by 0x403FAF: Game::spawnZombies(unsigned int) (in /afs/umich.edu/user/c/h/chanyao/eecs281/eecs281p2/partA/zombbb)
==19073==    by 0x405169: Game::startGame() (in /afs/umich.edu/user/c/h/chanyao/eecs281/eecs281p2/partA/zombbb)
==19073==    by 0x401989: main (in /afs/umich.edu/user/c/h/chanyao/eecs281/eecs281p2/partA/zombbb)
==19073== 
==19073== Invalid read of size 4
==19073==    at 0x40567F: void std::__adjust_heap<__gnu_cxx::__normal_iterator<Zombie**, std::vector<Zombie*, std::allocator<Zombie*> > >, long, Zombie*, __gnu_cxx::__ops::_Iter_comp_iter<Zombie::ETAComparator> >(__gnu_cxx::__normal_iterator<Zombie**, std::vector<Zombie*, std::allocator<Zombie*> > >, long, long, Zombie*, __gnu_cxx::__ops::_Iter_comp_iter<Zombie::ETAComparator>) (in /afs/umich.edu/user/c/h/chanyao/eecs281/eecs281p2/partA/zombbb)
==19073==    by 0x404329: Game::attackZombies(unsigned int) (in /afs/umich.edu/user/c/h/chanyao/eecs281/eecs281p2/partA/zombbb)
==19073==    by 0x4050D6: Game::startGame() (in /afs/umich.edu/user/c/h/chanyao/eecs281/eecs281p2/partA/zombbb)
==19073==    by 0x401989: main (in /afs/umich.edu/user/c/h/chanyao/eecs281/eecs281p2/partA/zombbb)
==19073==  Address 0x5acfbcc is 92 bytes inside a block of size 224 free'd
==19073==    at 0x4C2B40D: operator delete(void*) (vg_replace_malloc.c:586)
==19073==    by 0x4053D2: void std::vector<Zombie, std::allocator<Zombie> >::_M_emplace_back_aux<Zombie const&>(Zombie const&) (in /afs/umich.edu/user/c/h/chanyao/eecs281/eecs281p2/partA/zombbb)
==19073==    by 0x403FAF: Game::spawnZombies(unsigned int) (in /afs/umich.edu/user/c/h/chanyao/eecs281/eecs281p2/partA/zombbb)
==19073==    by 0x405169: Game::startGame() (in /afs/umich.edu/user/c/h/chanyao/eecs281/eecs281p2/partA/zombbb)
==19073==    by 0x401989: main (in /afs/umich.edu/user/c/h/chanyao/eecs281/eecs281p2/partA/zombbb)
==19073==  Block was alloc'd at
==19073==    at 0x4C2A483: operator new(unsigned long) (vg_replace_malloc.c:344)
==19073==    by 0x40522A: void std::vector<Zombie, std::allocator<Zombie> >::_M_emplace_back_aux<Zombie const&>(Zombie const&) (in /afs/umich.edu/user/c/h/chanyao/eecs281/eecs281p2/partA/zombbb)
==19073==    by 0x403F97: Game::spawnZombies(unsigned int) (in /afs/umich.edu/user/c/h/chanyao/eecs281/eecs281p2/partA/zombbb)
==19073==    by 0x405169: Game::startGame() (in /afs/umich.edu/user/c/h/chanyao/eecs281/eecs281p2/partA/zombbb)
==19073==    by 0x401989: main (in /afs/umich.edu/user/c/h/chanyao/eecs281/eecs281p2/partA/zombbb)
==19073== 
==19073== Invalid read of size 4
==19073==    at 0x4056CE: void std::__adjust_heap<__gnu_cxx::__normal_iterator<Zombie**, std::vector<Zombie*, std::allocator<Zombie*> > >, long, Zombie*, __gnu_cxx::__ops::_Iter_comp_iter<Zombie::ETAComparator> >(__gnu_cxx::__normal_iterator<Zombie**, std::vector<Zombie*, std::allocator<Zombie*> > >, long, long, Zombie*, __gnu_cxx::__ops::_Iter_comp_iter<Zombie::ETAComparator>) (in /afs/umich.edu/user/c/h/chanyao/eecs281/eecs281p2/partA/zombbb)
==19073==    by 0x404329: Game::attackZombies(unsigned int) (in /afs/umich.edu/user/c/h/chanyao/eecs281/eecs281p2/partA/zombbb)
==19073==    by 0x4050D6: Game::startGame() (in /afs/umich.edu/user/c/h/chanyao/eecs281/eecs281p2/partA/zombbb)
==19073==    by 0x401989: main (in /afs/umich.edu/user/c/h/chanyao/eecs281/eecs281p2/partA/zombbb)
==19073==  Address 0x5acfbc8 is 88 bytes inside a block of size 224 free'd
==19073==    at 0x4C2B40D: operator delete(void*) (vg_replace_malloc.c:586)
==19073==    by 0x4053D2: void std::vector<Zombie, std::allocator<Zombie> >::_M_emplace_back_aux<Zombie const&>(Zombie const&) (in /afs/umich.edu/user/c/h/chanyao/eecs281/eecs281p2/partA/zombbb)
==19073==    by 0x403FAF: Game::spawnZombies(unsigned int) (in /afs/umich.edu/user/c/h/chanyao/eecs281/eecs281p2/partA/zombbb)
==19073==    by 0x405169: Game::startGame() (in /afs/umich.edu/user/c/h/chanyao/eecs281/eecs281p2/partA/zombbb)
==19073==    by 0x401989: main (in /afs/umich.edu/user/c/h/chanyao/eecs281/eecs281p2/partA/zombbb)
==19073==  Block was alloc'd at
==19073==    at 0x4C2A483: operator new(unsigned long) (vg_replace_malloc.c:344)
==19073==    by 0x40522A: void std::vector<Zombie, std::allocator<Zombie> >::_M_emplace_back_aux<Zombie const&>(Zombie const&) (in /afs/umich.edu/user/c/h/chanyao/eecs281/eecs281p2/partA/zombbb)
==19073==    by 0x403F97: Game::spawnZombies(unsigned int) (in /afs/umich.edu/user/c/h/chanyao/eecs281/eecs281p2/partA/zombbb)
==19073==    by 0x405169: Game::startGame() (in /afs/umich.edu/user/c/h/chanyao/eecs281/eecs281p2/partA/zombbb)
==19073==    by 0x401989: main (in /afs/umich.edu/user/c/h/chanyao/eecs281/eecs281p2/partA/zombbb)
==19073== 
==19073== Invalid read of size 4
==19073==    at 0x4056DF: void std::__adjust_heap<__gnu_cxx::__normal_iterator<Zombie**, std::vector<Zombie*, std::allocator<Zombie*> > >, long, Zombie*, __gnu_cxx::__ops::_Iter_comp_iter<Zombie::ETAComparator> >(__gnu_cxx::__normal_iterator<Zombie**, std::vector<Zombie*, std::allocator<Zombie*> > >, long, long, Zombie*, __gnu_cxx::__ops::_Iter_comp_iter<Zombie::ETAComparator>) (in /afs/umich.edu/user/c/h/chanyao/eecs281/eecs281p2/partA/zombbb)
==19073==    by 0x404329: Game::attackZombies(unsigned int) (in /afs/umich.edu/user/c/h/chanyao/eecs281/eecs281p2/partA/zombbb)
==19073==    by 0x4050D6: Game::startGame() (in /afs/umich.edu/user/c/h/chanyao/eecs281/eecs281p2/partA/zombbb)
==19073==    by 0x401989: main (in /afs/umich.edu/user/c/h/chanyao/eecs281/eecs281p2/partA/zombbb)
==19073==  Address 0x5acfecc is 316 bytes inside a block of size 448 free'd
==19073==    at 0x4C2B40D: operator delete(void*) (vg_replace_malloc.c:586)
==19073==    by 0x4053D2: void std::vector<Zombie, std::allocator<Zombie> >::_M_emplace_back_aux<Zombie const&>(Zombie const&) (in /afs/umich.edu/user/c/h/chanyao/eecs281/eecs281p2/partA/zombbb)
==19073==    by 0x403F97: Game::spawnZombies(unsigned int) (in /afs/umich.edu/user/c/h/chanyao/eecs281/eecs281p2/partA/zombbb)
==19073==    by 0x405169: Game::startGame() (in /afs/umich.edu/user/c/h/chanyao/eecs281/eecs281p2/partA/zombbb)
==19073==    by 0x401989: main (in /afs/umich.edu/user/c/h/chanyao/eecs281/eecs281p2/partA/zombbb)
==19073==  Block was alloc'd at
==19073==    at 0x4C2A483: operator new(unsigned long) (vg_replace_malloc.c:344)
==19073==    by 0x40522A: void std::vector<Zombie, std::allocator<Zombie> >::_M_emplace_back_aux<Zombie const&>(Zombie const&) (in /afs/umich.edu/user/c/h/chanyao/eecs281/eecs281p2/partA/zombbb)
==19073==    by 0x403FAF: Game::spawnZombies(unsigned int) (in /afs/umich.edu/user/c/h/chanyao/eecs281/eecs281p2/partA/zombbb)
==19073==    by 0x405169: Game::startGame() (in /afs/umich.edu/user/c/h/chanyao/eecs281/eecs281p2/partA/zombbb)
==19073==    by 0x401989: main (in /afs/umich.edu/user/c/h/chanyao/eecs281/eecs281p2/partA/zombbb)
==19073== 
==19073== Invalid read of size 4
==19073==    at 0x405725: void std::__adjust_heap<__gnu_cxx::__normal_iterator<Zombie**, std::vector<Zombie*, std::allocator<Zombie*> > >, long, Zombie*, __gnu_cxx::__ops::_Iter_comp_iter<Zombie::ETAComparator> >(__gnu_cxx::__normal_iterator<Zombie**, std::vector<Zombie*, std::allocator<Zombie*> > >, long, long, Zombie*, __gnu_cxx::__ops::_Iter_comp_iter<Zombie::ETAComparator>) (in /afs/umich.edu/user/c/h/chanyao/eecs281/eecs281p2/partA/zombbb)
==19073==    by 0x404329: Game::attackZombies(unsigned int) (in /afs/umich.edu/user/c/h/chanyao/eecs281/eecs281p2/partA/zombbb)
==19073==    by 0x4050D6: Game::startGame() (in /afs/umich.edu/user/c/h/chanyao/eecs281/eecs281p2/partA/zombbb)
==19073==    by 0x401989: main (in /afs/umich.edu/user/c/h/chanyao/eecs281/eecs281p2/partA/zombbb)
==19073==  Address 0x5acfec8 is 312 bytes inside a block of size 448 free'd
==19073==    at 0x4C2B40D: operator delete(void*) (vg_replace_malloc.c:586)
==19073==    by 0x4053D2: void std::vector<Zombie, std::allocator<Zombie> >::_M_emplace_back_aux<Zombie const&>(Zombie const&) (in /afs/umich.edu/user/c/h/chanyao/eecs281/eecs281p2/partA/zombbb)
==19073==    by 0x403F97: Game::spawnZombies(unsigned int) (in /afs/umich.edu/user/c/h/chanyao/eecs281/eecs281p2/partA/zombbb)
==19073==    by 0x405169: Game::startGame() (in /afs/umich.edu/user/c/h/chanyao/eecs281/eecs281p2/partA/zombbb)
==19073==    by 0x401989: main (in /afs/umich.edu/user/c/h/chanyao/eecs281/eecs281p2/partA/zombbb)
==19073==  Block was alloc'd at
==19073==    at 0x4C2A483: operator new(unsigned long) (vg_replace_malloc.c:344)
==19073==    by 0x40522A: void std::vector<Zombie, std::allocator<Zombie> >::_M_emplace_back_aux<Zombie const&>(Zombie const&) (in /afs/umich.edu/user/c/h/chanyao/eecs281/eecs281p2/partA/zombbb)
==19073==    by 0x403FAF: Game::spawnZombies(unsigned int) (in /afs/umich.edu/user/c/h/chanyao/eecs281/eecs281p2/partA/zombbb)
==19073==    by 0x405169: Game::startGame() (in /afs/umich.edu/user/c/h/chanyao/eecs281/eecs281p2/partA/zombbb)
==19073==    by 0x401989: main (in /afs/umich.edu/user/c/h/chanyao/eecs281/eecs281p2/partA/zombbb)
==19073== 
==19073== Invalid read of size 4
==19073==    at 0x4022FE: void std::__push_heap<__gnu_cxx::__normal_iterator<Zombie**, std::vector<Zombie*, std::allocator<Zombie*> > >, long, Zombie*, __gnu_cxx::__ops::_Iter_comp_val<Zombie::ETAComparator> >(__gnu_cxx::__normal_iterator<Zombie**, std::vector<Zombie*, std::allocator<Zombie*> > >, long, long, Zombie*, __gnu_cxx::__ops::_Iter_comp_val<Zombie::ETAComparator>) [clone .isra.46] (in /afs/umich.edu/user/c/h/chanyao/eecs281/eecs281p2/partA/zombbb)
==19073==    by 0x404329: Game::attackZombies(unsigned int) (in /afs/umich.edu/user/c/h/chanyao/eecs281/eecs281p2/partA/zombbb)
==19073==    by 0x4050D6: Game::startGame() (in /afs/umich.edu/user/c/h/chanyao/eecs281/eecs281p2/partA/zombbb)
==19073==    by 0x401989: main (in /afs/umich.edu/user/c/h/chanyao/eecs281/eecs281p2/partA/zombbb)
==19073==  Address 0x5acfecc is 316 bytes inside a block of size 448 free'd
==19073==    at 0x4C2B40D: operator delete(void*) (vg_replace_malloc.c:586)
==19073==    by 0x4053D2: void std::vector<Zombie, std::allocator<Zombie> >::_M_emplace_back_aux<Zombie const&>(Zombie const&) (in /afs/umich.edu/user/c/h/chanyao/eecs281/eecs281p2/partA/zombbb)
==19073==    by 0x403F97: Game::spawnZombies(unsigned int) (in /afs/umich.edu/user/c/h/chanyao/eecs281/eecs281p2/partA/zombbb)
==19073==    by 0x405169: Game::startGame() (in /afs/umich.edu/user/c/h/chanyao/eecs281/eecs281p2/partA/zombbb)
==19073==    by 0x401989: main (in /afs/umich.edu/user/c/h/chanyao/eecs281/eecs281p2/partA/zombbb)
==19073==  Block was alloc'd at
==19073==    at 0x4C2A483: operator new(unsigned long) (vg_replace_malloc.c:344)
==19073==    by 0x40522A: void std::vector<Zombie, std::allocator<Zombie> >::_M_emplace_back_aux<Zombie const&>(Zombie const&) (in /afs/umich.edu/user/c/h/chanyao/eecs281/eecs281p2/partA/zombbb)
==19073==    by 0x403FAF: Game::spawnZombies(unsigned int) (in /afs/umich.edu/user/c/h/chanyao/eecs281/eecs281p2/partA/zombbb)
==19073==    by 0x405169: Game::startGame() (in /afs/umich.edu/user/c/h/chanyao/eecs281/eecs281p2/partA/zombbb)
==19073==    by 0x401989: main (in /afs/umich.edu/user/c/h/chanyao/eecs281/eecs281p2/partA/zombbb)
==19073== 
==19073== Invalid read of size 4
==19073==    at 0x40234B: void std::__push_heap<__gnu_cxx::__normal_iterator<Zombie**, std::vector<Zombie*, std::allocator<Zombie*> > >, long, Zombie*, __gnu_cxx::__ops::_Iter_comp_val<Zombie::ETAComparator> >(__gnu_cxx::__normal_iterator<Zombie**, std::vector<Zombie*, std::allocator<Zombie*> > >, long, long, Zombie*, __gnu_cxx::__ops::_Iter_comp_val<Zombie::ETAComparator>) [clone .isra.46] (in /afs/umich.edu/user/c/h/chanyao/eecs281/eecs281p2/partA/zombbb)
==19073==    by 0x404329: Game::attackZombies(unsigned int) (in /afs/umich.edu/user/c/h/chanyao/eecs281/eecs281p2/partA/zombbb)
==19073==    by 0x4050D6: Game::startGame() (in /afs/umich.edu/user/c/h/chanyao/eecs281/eecs281p2/partA/zombbb)
==19073==    by 0x401989: main (in /afs/umich.edu/user/c/h/chanyao/eecs281/eecs281p2/partA/zombbb)
==19073==  Address 0x5acfec8 is 312 bytes inside a block of size 448 free'd
==19073==    at 0x4C2B40D: operator delete(void*) (vg_replace_malloc.c:586)
==19073==    by 0x4053D2: void std::vector<Zombie, std::allocator<Zombie> >::_M_emplace_back_aux<Zombie const&>(Zombie const&) (in /afs/umich.edu/user/c/h/chanyao/eecs281/eecs281p2/partA/zombbb)
==19073==    by 0x403F97: Game::spawnZombies(unsigned int) (in /afs/umich.edu/user/c/h/chanyao/eecs281/eecs281p2/partA/zombbb)
==19073==    by 0x405169: Game::startGame() (in /afs/umich.edu/user/c/h/chanyao/eecs281/eecs281p2/partA/zombbb)
==19073==    by 0x401989: main (in /afs/umich.edu/user/c/h/chanyao/eecs281/eecs281p2/partA/zombbb)
==19073==  Block was alloc'd at
==19073==    at 0x4C2A483: operator new(unsigned long) (vg_replace_malloc.c:344)
==19073==    by 0x40522A: void std::vector<Zombie, std::allocator<Zombie> >::_M_emplace_back_aux<Zombie const&>(Zombie const&) (in /afs/umich.edu/user/c/h/chanyao/eecs281/eecs281p2/partA/zombbb)
==19073==    by 0x403FAF: Game::spawnZombies(unsigned int) (in /afs/umich.edu/user/c/h/chanyao/eecs281/eecs281p2/partA/zombbb)
==19073==    by 0x405169: Game::startGame() (in /afs/umich.edu/user/c/h/chanyao/eecs281/eecs281p2/partA/zombbb)
==19073==    by 0x401989: main (in /afs/umich.edu/user/c/h/chanyao/eecs281/eecs281p2/partA/zombbb)
==19073== 
==19073== Invalid read of size 4
==19073==    at 0x4023C2: void std::__push_heap<__gnu_cxx::__normal_iterator<Zombie**, std::vector<Zombie*, std::allocator<Zombie*> > >, long, Zombie*, __gnu_cxx::__ops::_Iter_comp_val<Zombie::ETAComparator> >(__gnu_cxx::__normal_iterator<Zombie**, std::vector<Zombie*, std::allocator<Zombie*> > >, long, long, Zombie*, __gnu_cxx::__ops::_Iter_comp_val<Zombie::ETAComparator>) [clone .isra.46] (in /afs/umich.edu/user/c/h/chanyao/eecs281/eecs281p2/partA/zombbb)
==19073==    by 0x404329: Game::attackZombies(unsigned int) (in /afs/umich.edu/user/c/h/chanyao/eecs281/eecs281p2/partA/zombbb)
==19073==    by 0x4050D6: Game::startGame() (in /afs/umich.edu/user/c/h/chanyao/eecs281/eecs281p2/partA/zombbb)
==19073==    by 0x401989: main (in /afs/umich.edu/user/c/h/chanyao/eecs281/eecs281p2/partA/zombbb)
==19073==  Address 0x5acfecc is 316 bytes inside a block of size 448 free'd
==19073==    at 0x4C2B40D: operator delete(void*) (vg_replace_malloc.c:586)
==19073==    by 0x4053D2: void std::vector<Zombie, std::allocator<Zombie> >::_M_emplace_back_aux<Zombie const&>(Zombie const&) (in /afs/umich.edu/user/c/h/chanyao/eecs281/eecs281p2/partA/zombbb)
==19073==    by 0x403F97: Game::spawnZombies(unsigned int) (in /afs/umich.edu/user/c/h/chanyao/eecs281/eecs281p2/partA/zombbb)
==19073==    by 0x405169: Game::startGame() (in /afs/umich.edu/user/c/h/chanyao/eecs281/eecs281p2/partA/zombbb)
==19073==    by 0x401989: main (in /afs/umich.edu/user/c/h/chanyao/eecs281/eecs281p2/partA/zombbb)
==19073==  Block was alloc'd at
==19073==    at 0x4C2A483: operator new(unsigned long) (vg_replace_malloc.c:344)
==19073==    by 0x40522A: void std::vector<Zombie, std::allocator<Zombie> >::_M_emplace_back_aux<Zombie const&>(Zombie const&) (in /afs/umich.edu/user/c/h/chanyao/eecs281/eecs281p2/partA/zombbb)
==19073==    by 0x403FAF: Game::spawnZombies(unsigned int) (in /afs/umich.edu/user/c/h/chanyao/eecs281/eecs281p2/partA/zombbb)
==19073==    by 0x405169: Game::startGame() (in /afs/umich.edu/user/c/h/chanyao/eecs281/eecs281p2/partA/zombbb)
==19073==    by 0x401989: main (in /afs/umich.edu/user/c/h/chanyao/eecs281/eecs281p2/partA/zombbb)
==19073== 
==19073== Invalid read of size 4
==19073==    at 0x402414: void std::__push_heap<__gnu_cxx::__normal_iterator<Zombie**, std::vector<Zombie*, std::allocator<Zombie*> > >, long, Zombie*, __gnu_cxx::__ops::_Iter_comp_val<Zombie::ETAComparator> >(__gnu_cxx::__normal_iterator<Zombie**, std::vector<Zombie*, std::allocator<Zombie*> > >, long, long, Zombie*, __gnu_cxx::__ops::_Iter_comp_val<Zombie::ETAComparator>) [clone .isra.46] (in /afs/umich.edu/user/c/h/chanyao/eecs281/eecs281p2/partA/zombbb)
==19073==    by 0x404329: Game::attackZombies(unsigned int) (in /afs/umich.edu/user/c/h/chanyao/eecs281/eecs281p2/partA/zombbb)
==19073==    by 0x4050D6: Game::startGame() (in /afs/umich.edu/user/c/h/chanyao/eecs281/eecs281p2/partA/zombbb)
==19073==    by 0x401989: main (in /afs/umich.edu/user/c/h/chanyao/eecs281/eecs281p2/partA/zombbb)
==19073==  Address 0x5acfec8 is 312 bytes inside a block of size 448 free'd
==19073==    at 0x4C2B40D: operator delete(void*) (vg_replace_malloc.c:586)
==19073==    by 0x4053D2: void std::vector<Zombie, std::allocator<Zombie> >::_M_emplace_back_aux<Zombie const&>(Zombie const&) (in /afs/umich.edu/user/c/h/chanyao/eecs281/eecs281p2/partA/zombbb)
==19073==    by 0x403F97: Game::spawnZombies(unsigned int) (in /afs/umich.edu/user/c/h/chanyao/eecs281/eecs281p2/partA/zombbb)
==19073==    by 0x405169: Game::startGame() (in /afs/umich.edu/user/c/h/chanyao/eecs281/eecs281p2/partA/zombbb)
==19073==    by 0x401989: main (in /afs/umich.edu/user/c/h/chanyao/eecs281/eecs281p2/partA/zombbb)
==19073==  Block was alloc'd at
==19073==    at 0x4C2A483: operator new(unsigned long) (vg_replace_malloc.c:344)
==19073==    by 0x40522A: void std::vector<Zombie, std::allocator<Zombie> >::_M_emplace_back_aux<Zombie const&>(Zombie const&) (in /afs/umich.edu/user/c/h/chanyao/eecs281/eecs281p2/partA/zombbb)
==19073==    by 0x403FAF: Game::spawnZombies(unsigned int) (in /afs/umich.edu/user/c/h/chanyao/eecs281/eecs281p2/partA/zombbb)
==19073==    by 0x405169: Game::startGame() (in /afs/umich.edu/user/c/h/chanyao/eecs281/eecs281p2/partA/zombbb)
==19073==    by 0x401989: main (in /afs/umich.edu/user/c/h/chanyao/eecs281/eecs281p2/partA/zombbb)
==19073== 
==19073== Invalid read of size 4
==19073==    at 0x40435C: Game::attackZombies(unsigned int) (in /afs/umich.edu/user/c/h/chanyao/eecs281/eecs281p2/partA/zombbb)
==19073==    by 0x4050D6: Game::startGame() (in /afs/umich.edu/user/c/h/chanyao/eecs281/eecs281p2/partA/zombbb)
==19073==    by 0x401989: main (in /afs/umich.edu/user/c/h/chanyao/eecs281/eecs281p2/partA/zombbb)
==19073==  Address 0x5acfbd0 is 96 bytes inside a block of size 224 free'd
==19073==    at 0x4C2B40D: operator delete(void*) (vg_replace_malloc.c:586)
==19073==    by 0x4053D2: void std::vector<Zombie, std::allocator<Zombie> >::_M_emplace_back_aux<Zombie const&>(Zombie const&) (in /afs/umich.edu/user/c/h/chanyao/eecs281/eecs281p2/partA/zombbb)
==19073==    by 0x403FAF: Game::spawnZombies(unsigned int) (in /afs/umich.edu/user/c/h/chanyao/eecs281/eecs281p2/partA/zombbb)
==19073==    by 0x405169: Game::startGame() (in /afs/umich.edu/user/c/h/chanyao/eecs281/eecs281p2/partA/zombbb)
==19073==    by 0x401989: main (in /afs/umich.edu/user/c/h/chanyao/eecs281/eecs281p2/partA/zombbb)
==19073==  Block was alloc'd at
==19073==    at 0x4C2A483: operator new(unsigned long) (vg_replace_malloc.c:344)
==19073==    by 0x40522A: void std::vector<Zombie, std::allocator<Zombie> >::_M_emplace_back_aux<Zombie const&>(Zombie const&) (in /afs/umich.edu/user/c/h/chanyao/eecs281/eecs281p2/partA/zombbb)
==19073==    by 0x403F97: Game::spawnZombies(unsigned int) (in /afs/umich.edu/user/c/h/chanyao/eecs281/eecs281p2/partA/zombbb)
==19073==    by 0x405169: Game::startGame() (in /afs/umich.edu/user/c/h/chanyao/eecs281/eecs281p2/partA/zombbb)
==19073==    by 0x401989: main (in /afs/umich.edu/user/c/h/chanyao/eecs281/eecs281p2/partA/zombbb)
==19073== 
==19073== Invalid write of size 4
==19073==    at 0x404370: Game::attackZombies(unsigned int) (in /afs/umich.edu/user/c/h/chanyao/eecs281/eecs281p2/partA/zombbb)
==19073==    by 0x4050D6: Game::startGame() (in /afs/umich.edu/user/c/h/chanyao/eecs281/eecs281p2/partA/zombbb)
==19073==    by 0x401989: main (in /afs/umich.edu/user/c/h/chanyao/eecs281/eecs281p2/partA/zombbb)
==19073==  Address 0x5acfbd0 is 96 bytes inside a block of size 224 free'd
==19073==    at 0x4C2B40D: operator delete(void*) (vg_replace_malloc.c:586)
==19073==    by 0x4053D2: void std::vector<Zombie, std::allocator<Zombie> >::_M_emplace_back_aux<Zombie const&>(Zombie const&) (in /afs/umich.edu/user/c/h/chanyao/eecs281/eecs281p2/partA/zombbb)
==19073==    by 0x403FAF: Game::spawnZombies(unsigned int) (in /afs/umich.edu/user/c/h/chanyao/eecs281/eecs281p2/partA/zombbb)
==19073==    by 0x405169: Game::startGame() (in /afs/umich.edu/user/c/h/chanyao/eecs281/eecs281p2/partA/zombbb)
==19073==    by 0x401989: main (in /afs/umich.edu/user/c/h/chanyao/eecs281/eecs281p2/partA/zombbb)
==19073==  Block was alloc'd at
==19073==    at 0x4C2A483: operator new(unsigned long) (vg_replace_malloc.c:344)
==19073==    by 0x40522A: void std::vector<Zombie, std::allocator<Zombie> >::_M_emplace_back_aux<Zombie const&>(Zombie const&) (in /afs/umich.edu/user/c/h/chanyao/eecs281/eecs281p2/partA/zombbb)
==19073==    by 0x403F97: Game::spawnZombies(unsigned int) (in /afs/umich.edu/user/c/h/chanyao/eecs281/eecs281p2/partA/zombbb)
==19073==    by 0x405169: Game::startGame() (in /afs/umich.edu/user/c/h/chanyao/eecs281/eecs281p2/partA/zombbb)
==19073==    by 0x401989: main (in /afs/umich.edu/user/c/h/chanyao/eecs281/eecs281p2/partA/zombbb)
==19073== 
==19073== 
==19073== HEAP SUMMARY:
==19073==     in use at exit: 122,880 bytes in 6 blocks
==19073==   total heap usage: 23 allocs, 17 frees, 200,463 bytes allocated
==19073== 
==19073== LEAK SUMMARY:
==19073==    definitely lost: 0 bytes in 0 blocks
==19073==    indirectly lost: 0 bytes in 0 blocks
==19073==      possibly lost: 0 bytes in 0 blocks
==19073==    still reachable: 122,880 bytes in 6 blocks
==19073==         suppressed: 0 bytes in 0 blocks
==19073== Rerun with --leak-check=full to see details of leaked memory
==19073== 
==19073== For counts of detected and suppressed errors, rerun with: -v
==19073== ERROR SUMMARY: 69 errors from 20 contexts (suppressed: 0 from 0)
